Performing C SOURCE FILE Test CMAKE_HAVE_LIBC_PTHREAD failed with the following output:
Change Dir: /home/macs/Desktop/Projects/C++/tqEngine/build/CMakeFiles/CMakeTmp

Run Build Command(s):/usr/bin/make -f Makefile cmTC_c8fff/fast && /usr/bin/make  -f CMakeFiles/cmTC_c8fff.dir/build.make CMakeFiles/cmTC_c8fff.dir/build
make[1]: Entering directory '/home/macs/Desktop/Projects/C++/tqEngine/build/CMakeFiles/CMakeTmp'
Building C object CMakeFiles/cmTC_c8fff.dir/src.c.o
/usr/bin/x86_64-pc-linux-gnu-gcc-11.1.0 -DCMAKE_HAVE_LIBC_PTHREAD   -o CMakeFiles/cmTC_c8fff.dir/src.c.o -c /home/macs/Desktop/Projects/C++/tqEngine/build/CMakeFiles/CMakeTmp/src.c
Linking C executable cmTC_c8fff
/usr/bin/cmake -E cmake_link_script CMakeFiles/cmTC_c8fff.dir/link.txt --verbose=1
/usr/bin/x86_64-pc-linux-gnu-gcc-11.1.0 CMakeFiles/cmTC_c8fff.dir/src.c.o -o cmTC_c8fff 
/usr/bin/ld: CMakeFiles/cmTC_c8fff.dir/src.c.o: in function `main':
src.c:(.text+0x3e): undefined reference to `pthread_create'
/usr/bin/ld: src.c:(.text+0x4a): undefined reference to `pthread_detach'
/usr/bin/ld: src.c:(.text+0x56): undefined reference to `pthread_cancel'
/usr/bin/ld: src.c:(.text+0x67): undefined reference to `pthread_join'
collect2: error: ld returned 1 exit status
make[1]: *** [CMakeFiles/cmTC_c8fff.dir/build.make:99: cmTC_c8fff] Error 1
make[1]: Leaving directory '/home/macs/Desktop/Projects/C++/tqEngine/build/CMakeFiles/CMakeTmp'
make: *** [Makefile:127: cmTC_c8fff/fast] Error 2


Source file was:
#include <pthread.h>

static void* test_func(void* data)
{
  return data;
}

int main(void)
{
  pthread_t thread;
  pthread_create(&thread, NULL, test_func, NULL);
  pthread_detach(thread);
  pthread_cancel(thread);
  pthread_join(thread, NULL);
  pthread_atfork(NULL, NULL, NULL);
  pthread_exit(NULL);

  return 0;
}

Determining if the function pthread_create exists in the pthreads failed with the following output:
Change Dir: /home/macs/Desktop/Projects/C++/tqEngine/build/CMakeFiles/CMakeTmp

Run Build Command(s):/usr/bin/make -f Makefile cmTC_64eb4/fast && /usr/bin/make  -f CMakeFiles/cmTC_64eb4.dir/build.make CMakeFiles/cmTC_64eb4.dir/build
make[1]: Entering directory '/home/macs/Desktop/Projects/C++/tqEngine/build/CMakeFiles/CMakeTmp'
Building C object CMakeFiles/cmTC_64eb4.dir/CheckFunctionExists.c.o
/usr/bin/x86_64-pc-linux-gnu-gcc-11.1.0   -DCHECK_FUNCTION_EXISTS=pthread_create -o CMakeFiles/cmTC_64eb4.dir/CheckFunctionExists.c.o -c /usr/share/cmake-3.21/Modules/CheckFunctionExists.c
Linking C executable cmTC_64eb4
/usr/bin/cmake -E cmake_link_script CMakeFiles/cmTC_64eb4.dir/link.txt --verbose=1
/usr/bin/x86_64-pc-linux-gnu-gcc-11.1.0  -DCHECK_FUNCTION_EXISTS=pthread_create CMakeFiles/cmTC_64eb4.dir/CheckFunctionExists.c.o -o cmTC_64eb4  -lpthreads 
/usr/bin/ld: cannot find -lpthreads
collect2: error: ld returned 1 exit status
make[1]: *** [CMakeFiles/cmTC_64eb4.dir/build.make:99: cmTC_64eb4] Error 1
make[1]: Leaving directory '/home/macs/Desktop/Projects/C++/tqEngine/build/CMakeFiles/CMakeTmp'
make: *** [Makefile:127: cmTC_64eb4/fast] Error 2



